<?xml version="1.0" encoding="UTF-8"?>
<!-- Generated by org.testng.reporters.JUnitReportReporter -->
<testsuite hostname="DESKTOP-MVG83EL" failures="0" tests="3" name="testCases.TestCases" time="1.574" errors="0" timestamp="2022-04-02T13:52:31 EDT" skipped="0">
  <testcase classname="testCases.TestCases" name="validateDuplicatedCategory" time="0.128"/>
  <system-out/>
  <testcase classname="testCases.TestCases" name="validateCategory" time="1.119"/>
  <system-out/>
  <testcase classname="testCases.TestCases" name="validatemonths" time="0.327"/>
  <system-out/>
</testsuite> <!-- testCases.TestCases -->
