<?xml version="1.0" encoding="UTF-8"?>
<!-- Generated by org.testng.reporters.JUnitReportReporter -->
<testsuite hostname="DESKTOP-MVG83EL" failures="0" tests="1" name="testCases.TestCases" time="0.407" errors="0" timestamp="2022-03-27T21:08:15 EDT" skipped="0">
  <testcase classname="testCases.TestCases" name="validatemonths" time="0.407"/>
  <system-out/>
</testsuite> <!-- testCases.TestCases -->
